

Started GET "/" for ::1 at 2015-07-18 11:24:07 -0700
Processing by Rails::WelcomeController#index as HTML
  Rendered /Users/sandeep/.rvm/gems/ruby-2.2.2@fairwood/gems/railties-4.2.3/lib/rails/templates/rails/welcome/index.html.erb (1.3ms)
Completed 200 OK in 15ms (Views: 6.4ms | ActiveRecord: 0.0ms)
  [1m[36m (38.9ms)[0m  [1mCREATE TABLE "schema_migrations" ("version" character varying NOT NULL) [0m
  [1m[35m (0.8ms)[0m  CREATE UNIQUE INDEX  "unique_schema_migrations" ON "schema_migrations"  ("version")
  [1m[36mActiveRecord::SchemaMigration Load (0.6ms)[0m  [1mSELECT "schema_migrations".* FROM "schema_migrations"[0m
Migrating to CreateParents (20150720163844)
  [1m[35m (0.2ms)[0m  BEGIN
  [1m[36m (32.9ms)[0m  [1mCREATE TABLE "parents" ("id" serial primary key, "first_name" character varying, "last_name" character varying, "email" character varying, "phone_number" character varying, "school" character varying, "role" character varying, "created_at" timestamp NOT NULL, "updated_at" timestamp NOT NULL) [0m
  [1m[35mSQL (0.3ms)[0m  INSERT INTO "schema_migrations" ("version") VALUES ($1)  [["version", "20150720163844"]]
  [1m[36m (6.2ms)[0m  [1mCOMMIT[0m
  [1m[35mActiveRecord::SchemaMigration Load (0.2ms)[0m  SELECT "schema_migrations".* FROM "schema_migrations"
  [1m[36m (2.3ms)[0m  [1mSELECT t2.oid::regclass::text AS to_table, a1.attname AS column, a2.attname AS primary_key, c.conname AS name, c.confupdtype AS on_update, c.confdeltype AS on_delete
FROM pg_constraint c
JOIN pg_class t1 ON c.conrelid = t1.oid
JOIN pg_class t2 ON c.confrelid = t2.oid
JOIN pg_attribute a1 ON a1.attnum = c.conkey[1] AND a1.attrelid = t1.oid
JOIN pg_attribute a2 ON a2.attnum = c.confkey[1] AND a2.attrelid = t2.oid
JOIN pg_namespace t3 ON c.connamespace = t3.oid
WHERE c.contype = 'f'
  AND t1.relname = 'parents'
  AND t3.nspname = ANY (current_schemas(false))
ORDER BY c.conname
[0m


Started GET "/" for 127.0.0.1 at 2015-07-20 09:55:50 -0700
  [1m[36mActiveRecord::SchemaMigration Load (0.6ms)[0m  [1mSELECT "schema_migrations".* FROM "schema_migrations"[0m
Processing by Rails::WelcomeController#index as HTML
  Rendered /Users/sandeep/.rvm/gems/ruby-2.2.2@fairwood/gems/railties-4.2.3/lib/rails/templates/rails/welcome/index.html.erb (1.2ms)
Completed 200 OK in 16ms (Views: 6.1ms | ActiveRecord: 0.0ms)


Started GET "/parents" for 127.0.0.1 at 2015-07-20 09:55:58 -0700
Processing by ParentsController#index as HTML
  [1m[35mParent Load (2.2ms)[0m  SELECT "parents".* FROM "parents"
  Rendered parents/index.html.erb within layouts/application (5.3ms)
Completed 200 OK in 1469ms (Views: 1463.7ms | ActiveRecord: 3.0ms)


Started GET "/assets/scaffolds.self-6e4a4fe727044293f18f0b95b1bbf5e6d9fc3be32513b797ee93673e54b47c30.css?body=1" for 127.0.0.1 at 2015-07-20 09:56:00 -0700


Started GET "/assets/parents.self-e3b0c44298fc1c149afbf4c8996fb92427ae41e4649b934ca495991b7852b855.css?body=1" for 127.0.0.1 at 2015-07-20 09:56:00 -0700


Started GET "/assets/jquery_ujs.self-ca5248a2fad13d6bd58ea121318d642f195f0b2dd818b30615f785ff365e8d1f.js?body=1" for 127.0.0.1 at 2015-07-20 09:56:00 -0700


Started GET "/assets/turbolinks.self-c37727e9bd6b2735da5c311aa83fead54ed0be6cc8bd9a65309e9c5abe2cbfff.js?body=1" for 127.0.0.1 at 2015-07-20 09:56:00 -0700


Started GET "/assets/application.self-e80e8f2318043e8af94dddc2adad5a4f09739a8ebb323b3ab31cd71d45fd9113.css?body=1" for 127.0.0.1 at 2015-07-20 09:56:00 -0700


Started GET "/assets/jquery.self-d03a5518f45df77341bdbe6201ba3bfa547ebba8ed64f0ea56bfa5f96ea7c074.js?body=1" for 127.0.0.1 at 2015-07-20 09:56:00 -0700


Started GET "/assets/parents.self-877aef30ae1b040ab8a3aba4e3e309a11d7f2612f44dde450b5c157aa5f95c05.js?body=1" for 127.0.0.1 at 2015-07-20 09:56:00 -0700


Started GET "/assets/application.self-3b8dabdc891efe46b9a144b400ad69e37d7e5876bdc39dee783419a69d7ca819.js?body=1" for 127.0.0.1 at 2015-07-20 09:56:00 -0700


Started GET "/parents/new" for 127.0.0.1 at 2015-07-20 09:56:06 -0700
Processing by ParentsController#new as HTML
  Rendered parents/_form.html.erb (22.4ms)
  Rendered parents/new.html.erb within layouts/application (29.6ms)
Completed 200 OK in 79ms (Views: 68.1ms | ActiveRecord: 1.9ms)


Started POST "/parents" for 127.0.0.1 at 2015-07-20 09:56:35 -0700
Processing by ParentsController#create as HTML
  Parameters: {"utf8"=>"✓", "authenticity_token"=>"u5P7tBH5lqHCK6vci/vn6O0xpw6sJADHzQaKh0U+JUNwornxwvUnb8nZ1xRxAzSXKc2hu7OITVtEiqaVY3mTMg==", "parent"=>{"first_name"=>"Radhika", "last_name"=>"Tamhankar", "email"=>"rads028@gmail.com", "phone_number"=>"650-793-1356", "school"=>"Fairwood", "role"=>""}, "commit"=>"Create Parent"}
  [1m[36m (0.1ms)[0m  [1mBEGIN[0m
  [1m[35mSQL (0.4ms)[0m  INSERT INTO "parents" ("first_name", "last_name", "email", "phone_number", "school", "role", "created_at", "updated_at") VALUES ($1, $2, $3, $4, $5, $6, $7, $8) RETURNING "id"  [["first_name", "Radhika"], ["last_name", "Tamhankar"], ["email", "rads028@gmail.com"], ["phone_number", "650-793-1356"], ["school", "Fairwood"], ["role", ""], ["created_at", "2015-07-20 16:56:35.594780"], ["updated_at", "2015-07-20 16:56:35.594780"]]
  [1m[36m (6.0ms)[0m  [1mCOMMIT[0m
Redirected to http://localhost:3000/parents/1
Completed 302 Found in 13ms (ActiveRecord: 6.6ms)


Started GET "/parents/1" for 127.0.0.1 at 2015-07-20 09:56:35 -0700
Processing by ParentsController#show as HTML
  Parameters: {"id"=>"1"}
  [1m[35mParent Load (0.2ms)[0m  SELECT  "parents".* FROM "parents" WHERE "parents"."id" = $1 LIMIT 1  [["id", 1]]
  Rendered parents/show.html.erb within layouts/application (1.5ms)
Completed 200 OK in 47ms (Views: 40.6ms | ActiveRecord: 0.2ms)


Started GET "/parents" for 127.0.0.1 at 2015-07-20 09:56:39 -0700
Processing by ParentsController#index as HTML
  [1m[36mParent Load (0.2ms)[0m  [1mSELECT "parents".* FROM "parents"[0m
  Rendered parents/index.html.erb within layouts/application (2.3ms)
Completed 200 OK in 50ms (Views: 49.5ms | ActiveRecord: 0.2ms)


Started GET "/parents/new" for 127.0.0.1 at 2015-07-20 09:56:40 -0700
Processing by ParentsController#new as HTML
  Rendered parents/_form.html.erb (2.9ms)
  Rendered parents/new.html.erb within layouts/application (4.1ms)
Completed 200 OK in 39ms (Views: 38.7ms | ActiveRecord: 0.0ms)
